<?xml version="1.0" encoding="UTF-8"?>
<testng-results skipped="0" failed="0" ignored="0" total="1" passed="1">
  <reporter-output>
  </reporter-output>
  <suite name="Default suite" duration-ms="73801" started-at="2019-11-29T05:30:29Z" finished-at="2019-11-29T05:31:43Z">
    <groups>
    </groups>
    <test name="Default test" duration-ms="73801" started-at="2019-11-29T05:30:29Z" finished-at="2019-11-29T05:31:43Z">
      <class name="com.training.sanity.tests.WithPrelogin">
        <test-method status="PASS" signature="setUpBeforeClass()[pri:0, instance:com.training.sanity.tests.WithPrelogin@51565ec2]" name="setUpBeforeClass" is-config="true" duration-ms="9" started-at="2019-11-29T11:00:29Z" finished-at="2019-11-29T11:00:29Z">
          <reporter-output>
          </reporter-output>
        </test-method> <!-- setUpBeforeClass -->
        <test-method status="PASS" signature="setUp()[pri:0, instance:com.training.sanity.tests.WithPrelogin@51565ec2]" name="setUp" is-config="true" duration-ms="21374" started-at="2019-11-29T11:00:29Z" finished-at="2019-11-29T11:00:51Z">
          <reporter-output>
          </reporter-output>
        </test-method> <!-- setUp -->
        <test-method status="PASS" signature="validLoginTest()[pri:0, instance:com.training.sanity.tests.WithPrelogin@51565ec2]" name="validLoginTest" duration-ms="52400" started-at="2019-11-29T11:00:51Z" finished-at="2019-11-29T11:01:43Z">
          <reporter-output>
          </reporter-output>
        </test-method> <!-- validLoginTest -->
      </class> <!-- com.training.sanity.tests.WithPrelogin -->
    </test> <!-- Default test -->
  </suite> <!-- Default suite -->
</testng-results>
